# JRE version: OpenJDK Runtime Environment (8.0_152-b01) (build 1.8.0_152-release-1248-b01)
# Java VM: OpenJDK 64-Bit Server VM (25.152-b01 mixed mode windows-amd64 compressed oops)
Heap:
 PSYoungGen      total 459264K, used 60027K [0x00000000e0000000, 0x00000000ffe00000, 0x0000000100000000)
  eden space 435200K, 13% used [0x00000000e0000000,0x00000000e3a7eea8,0x00000000fa900000)
  from space 24064K, 0% used [0x00000000fa900000,0x00000000fa920000,0x00000000fc080000)
  to   space 23552K, 0% used [0x00000000fc080000,0x00000000fc080000,0x00000000fd780000)
 ParOldGen       total 176128K, used 53303K [0x00000000a0000000, 0x00000000aac00000, 0x00000000e0000000)
  object space 176128K, 30% used [0x00000000a0000000,0x00000000a340dc50,0x00000000aac00000)
 Metaspace       used 93216K, capacity 98798K, committed 99712K, reserved 1136640K
  class space    used 11488K, capacity 12446K, committed 12672K, reserved 1048576K
GC Heap History (10 events):
Event: 4920.001 GC heap before
{Heap before GC invocations=100 (full 4):
 PSYoungGen      total 410624K, used 394554K [0x00000000e0000000, 0x00000000fdb00000, 0x0000000100000000)
  eden space 382464K, 100% used [0x00000000e0000000,0x00000000f7580000,0x00000000f7580000)
  from space 28160K, 42% used [0x00000000f7580000,0x00000000f814eae8,0x00000000f9100000)
  to   space 27136K, 0% used [0x00000000fc080000,0x00000000fc080000,0x00000000fdb00000)
 ParOldGen       total 157184K, used 130772K [0x00000000a0000000, 0x00000000a9980000, 0x00000000e0000000)
  object space 157184K, 83% used [0x00000000a0000000,0x00000000a7fb5120,0x00000000a9980000)
 Metaspace       used 93158K, capacity 98852K, committed 99712K, reserved 1136640K
  class space    used 11495K, capacity 12463K, committed 12672K, reserved 1048576K
Event: 4920.016 GC heap after
Heap after GC invocations=100 (full 4):
 PSYoungGen      total 453120K, used 4192K [0x00000000e0000000, 0x00000000fd780000, 0x0000000100000000)
  eden space 429568K, 0% used [0x00000000e0000000,0x00000000e0000000,0x00000000fa380000)
  from space 23552K, 17% used [0x00000000fc080000,0x00000000fc498020,0x00000000fd780000)
  to   space 26624K, 0% used [0x00000000fa380000,0x00000000fa380000,0x00000000fbd80000)
 ParOldGen       total 157184K, used 140672K [0x00000000a0000000, 0x00000000a9980000, 0x00000000e0000000)
  object space 157184K, 89% used [0x00000000a0000000,0x00000000a8960038,0x00000000a9980000)
 Metaspace       used 93158K, capacity 98852K, committed 99712K, reserved 1136640K
  class space    used 11495K, capacity 12463K, committed 12672K, reserved 1048576K
}
Event: 4921.010 GC heap before
{Heap before GC invocations=101 (full 4):
 PSYoungGen      total 453120K, used 433760K [0x00000000e0000000, 0x00000000fd780000, 0x0000000100000000)
  eden space 429568K, 100% used [0x00000000e0000000,0x00000000fa380000,0x00000000fa380000)
  from space 23552K, 17% used [0x00000000fc080000,0x00000000fc498020,0x00000000fd780000)
  to   space 26624K, 0% used [0x00000000fa380000,0x00000000fa380000,0x00000000fbd80000)
 ParOldGen       total 157184K, used 140672K [0x00000000a0000000, 0x00000000a9980000, 0x00000000e0000000)
  object space 157184K, 89% used [0x00000000a0000000,0x00000000a8960038,0x00000000a9980000)
 Metaspace       used 93202K, capacity 98860K, committed 99712K, reserved 1136640K
  class space    used 11496K, capacity 12465K, committed 12672K, reserved 1048576K
Event: 4921.019 GC heap after
Heap after GC invocations=101 (full 4):
 PSYoungGen      total 456192K, used 5342K [0x00000000e0000000, 0x00000000fd780000, 0x0000000100000000)
  eden space 429568K, 0% used [0x00000000e0000000,0x00000000e0000000,0x00000000fa380000)
  from space 26624K, 20% used [0x00000000fa380000,0x00000000fa8b7938,0x00000000fbd80000)
  to   space 23552K, 0% used [0x00000000fc080000,0x00000000fc080000,0x00000000fd780000)
 ParOldGen       total 157184K, used 143688K [0x00000000a0000000, 0x00000000a9980000, 0x00000000e0000000)
  object space 157184K, 91% used [0x00000000a0000000,0x00000000a8c52098,0x00000000a9980000)
 Metaspace       used 93202K, capacity 98860K, committed 99712K, reserved 1136640K
  class space    used 11496K, capacity 12465K, committed 12672K, reserved 1048576K
}
Event: 4921.019 GC heap before
{Heap before GC invocations=102 (full 5):
 PSYoungGen      total 456192K, used 5342K [0x00000000e0000000, 0x00000000fd780000, 0x0000000100000000)
  eden space 429568K, 0% used [0x00000000e0000000,0x00000000e0000000,0x00000000fa380000)
  from space 26624K, 20% used [0x00000000fa380000,0x00000000fa8b7938,0x00000000fbd80000)
  to   space 23552K, 0% used [0x00000000fc080000,0x00000000fc080000,0x00000000fd780000)
 ParOldGen       total 157184K, used 143688K [0x00000000a0000000, 0x00000000a9980000, 0x00000000e0000000)
  object space 157184K, 91% used [0x00000000a0000000,0x00000000a8c52098,0x00000000a9980000)
 Metaspace       used 93202K, capacity 98860K, committed 99712K, reserved 1136640K
  class space    used 11496K, capacity 12465K, committed 12672K, reserved 1048576K
Event: 4921.142 GC heap after
Heap after GC invocations=102 (full 5):
 PSYoungGen      total 456192K, used 0K [0x00000000e0000000, 0x00000000fd780000, 0x0000000100000000)
  eden space 429568K, 0% used [0x00000000e0000000,0x00000000e0000000,0x00000000fa380000)
  from space 26624K, 0% used [0x00000000fa380000,0x00000000fa380000,0x00000000fbd80000)
  to   space 23552K, 0% used [0x00000000fc080000,0x00000000fc080000,0x00000000fd780000)
 ParOldGen       total 176128K, used 50094K [0x00000000a0000000, 0x00000000aac00000, 0x00000000e0000000)
  object space 176128K, 28% used [0x00000000a0000000,0x00000000a30eb830,0x00000000aac00000)
 Metaspace       used 93100K, capacity 98692K, committed 99712K, reserved 1136640K
  class space    used 11481K, capacity 12437K, committed 12672K, reserved 1048576K
}
Event: 4923.295 GC heap before
{Heap before GC invocations=103 (full 5):
 PSYoungGen      total 456192K, used 429561K [0x00000000e0000000, 0x00000000fd780000, 0x0000000100000000)
  eden space 429568K, 99% used [0x00000000e0000000,0x00000000fa37e4c8,0x00000000fa380000)
  from space 26624K, 0% used [0x00000000fa380000,0x00000000fa380000,0x00000000fbd80000)
  to   space 23552K, 0% used [0x00000000fc080000,0x00000000fc080000,0x00000000fd780000)
 ParOldGen       total 176128K, used 50094K [0x00000000a0000000, 0x00000000aac00000, 0x00000000e0000000)
  object space 176128K, 28% used [0x00000000a0000000,0x00000000a30eb830,0x00000000aac00000)
 Metaspace       used 93216K, capacity 98798K, committed 99712K, reserved 1136640K
  class space    used 11488K, capacity 12446K, committed 12672K, reserved 1048576K
Event: 4923.304 GC heap after
Heap after GC invocations=103 (full 5):
 PSYoungGen      total 458752K, used 8926K [0x00000000e0000000, 0x00000000ffe00000, 0x0000000100000000)
  eden space 435200K, 0% used [0x00000000e0000000,0x00000000e0000000,0x00000000fa900000)
  from space 23552K, 37% used [0x00000000fc080000,0x00000000fc937ab8,0x00000000fd780000)
  to   space 24064K, 0% used [0x00000000fa900000,0x00000000fa900000,0x00000000fc080000)
 ParOldGen       total 176128K, used 50094K [0x00000000a0000000, 0x00000000aac00000, 0x00000000e0000000)
  object space 176128K, 28% used [0x00000000a0000000,0x00000000a30eb830,0x00000000aac00000)
 Metaspace       used 93216K, capacity 98798K, committed 99712K, reserved 1136640K
  class space    used 11488K, capacity 12446K, committed 12672K, reserved 1048576K
}
Event: 4923.427 GC heap before
{Heap before GC invocations=104 (full 5):
 PSYoungGen      total 458752K, used 443843K [0x00000000e0000000, 0x00000000ffe00000, 0x0000000100000000)
  eden space 435200K, 99% used [0x00000000e0000000,0x00000000fa8b92e8,0x00000000fa900000)
  from space 23552K, 37% used [0x00000000fc080000,0x00000000fc937ab8,0x00000000fd780000)
  to   space 24064K, 0% used [0x00000000fa900000,0x00000000fa900000,0x00000000fc080000)
 ParOldGen       total 176128K, used 50094K [0x00000000a0000000, 0x00000000aac00000, 0x00000000e0000000)
  object space 176128K, 28% used [0x00000000a0000000,0x00000000a30eb830,0x00000000aac00000)
 Metaspace       used 93216K, capacity 98798K, committed 99712K, reserved 1136640K
  class space    used 11488K, capacity 12446K, committed 12672K, reserved 1048576K
Event: 4923.435 GC heap after
Heap after GC invocations=104 (full 5):
 PSYoungGen      total 459264K, used 128K [0x00000000e0000000, 0x00000000ffe00000, 0x0000000100000000)
  eden space 435200K, 0% used [0x00000000e0000000,0x00000000e0000000,0x00000000fa900000)
  from space 24064K, 0% used [0x00000000fa900000,0x00000000fa920000,0x00000000fc080000)
  to   space 23552K, 0% used [0x00000000fc080000,0x00000000fc080000,0x00000000fd780000)
 ParOldGen       total 176128K, used 53303K [0x00000000a0000000, 0x00000000aac00000, 0x00000000e0000000)
  object space 176128K, 30% used [0x00000000a0000000,0x00000000a340dc50,0x00000000aac00000)
 Metaspace       used 93216K, capacity 98798K, committed 99712K, reserved 1136640K
  class space    used 11488K, capacity 12446K, committed 12672K, reserved 1048576K
}

